<?xml version="1.0" encoding="UTF-8"?>
<!-- Generated by org.testng.reporters.JUnitReportReporter -->
<testsuite skipped="0" hostname="pc" name="com.qa.tests.HomePageTests" tests="1" failures="0" timestamp="07 Sep 2019 20:26:40 GMT" time="35.435" errors="0">
  <testcase name="pageTitleTest" time="35.435" classname="com.qa.tests.HomePageTests"/>
</testsuite> <!-- com.qa.tests.HomePageTests -->
