<?xml version="1.0" encoding="UTF-8"?>
<!-- Generated by org.testng.reporters.JUnitReportReporter -->
<testsuite skipped="1" hostname="pc" name="com.qa.tests.HomePageTests" tests="1" failures="0" timestamp="04 Sep 2019 14:35:22 GMT" time="0.000" errors="0">
  <testcase name="verifyProduct" time="0.000" classname="com.qa.tests.HomePageTests">
    <skipped/>
  </testcase> <!-- verifyProduct -->
</testsuite> <!-- com.qa.tests.HomePageTests -->
